21-08-11 18:58:30 [32minfo[39m: Applying cors middleware
21-08-11 18:58:30 [32minfo[39m: Applying parsing middleware
21-08-11 18:58:30 [32minfo[39m: Now importing user routes
21-08-11 18:58:30 [32minfo[39m: Allowing express app to use imported routes
21-08-11 18:58:30 [32minfo[39m: Initializing port to run express app
21-08-11 18:58:30 [32minfo[39m: Now app will run on port 4000
21-08-11 18:58:30 [31merror[39m: Error: Error message
    at Object.<anonymous> (/home/sushil/2020/TASK/server.js:53:14)
    at Module._compile (node:internal/modules/cjs/loader:1091:14)
    at Object.Module._extensions..js (node:internal/modules/cjs/loader:1120:10)
    at Module.load (node:internal/modules/cjs/loader:971:32)
    at Function.Module._load (node:internal/modules/cjs/loader:812:14)
    at Function.executeUserEntryPoint [as runMain] (node:internal/modules/run_main:76:12)
    at node:internal/main/run_main_module:17:47
21-08-11 18:58:30 [32minfo[39m: Applying cors middleware
21-08-11 18:58:30 [32minfo[39m: Applying parsing middleware
21-08-11 18:58:30 [32minfo[39m: Now importing user routes
21-08-11 18:58:30 [32minfo[39m: Allowing express app to use imported routes
21-08-11 18:58:30 [32minfo[39m: Initializing port to run express app
21-08-11 18:58:30 [32minfo[39m: Now app will run on port 4000
21-08-11 18:58:30 [31merror[39m: Error: Error message
    at Object.<anonymous> (/home/sushil/2020/TASK/server.js:53:14)
    at Module._compile (node:internal/modules/cjs/loader:1091:14)
    at Object.Module._extensions..js (node:internal/modules/cjs/loader:1120:10)
    at Module.load (node:internal/modules/cjs/loader:971:32)
    at Function.Module._load (node:internal/modules/cjs/loader:812:14)
    at Function.executeUserEntryPoint [as runMain] (node:internal/modules/run_main:76:12)
    at node:internal/main/run_main_module:17:47
21-08-11 18:58:52 [32minfo[39m: Applying cors middleware
21-08-11 18:58:52 [32minfo[39m: Applying parsing middleware
21-08-11 18:58:52 [32minfo[39m: Now importing user routes
21-08-11 18:58:52 [32minfo[39m: Allowing express app to use imported routes
21-08-11 18:58:52 [32minfo[39m: Initializing port to run express app
21-08-11 18:58:52 [32minfo[39m: Now app will run on port 4000
21-08-11 18:59:08 [32minfo[39m: Applying cors middleware
21-08-11 18:59:08 [32minfo[39m: Applying parsing middleware
21-08-11 18:59:08 [32minfo[39m: Now importing user routes
21-08-11 18:59:08 [32minfo[39m: Allowing express app to use imported routes
21-08-11 18:59:08 [32minfo[39m: Initializing port to run express app
21-08-11 18:59:08 [32minfo[39m: Now app will run on port 4000
